This is e-TeX, Version 3.141592-2.2 (MiKTeX 2.4) (preloaded format=latex 1999.4.29)  15 JAN 2013 06:09
entering extended mode
**bare_jrnl_compsoc.tex
(bare_jrnl_compsoc.tex
LaTeX2e <2005/12/01>
Babel <v3.8g> and hyphenation patterns for english, dumylang, nohyphenation, ge
rman, ngerman, french, loaded.
(IEEEtran.cls
Document Class: IEEEtran 2007/03/05 V1.7a by Michael Shell
-- See the "IEEEtran_HOWTO" manual for usage information.
-- http://www.michaelshell.org/tex/ieeetran/
\@IEEEtrantmpdimenA=\dimen102
\@IEEEtrantmpdimenB=\dimen103
\@IEEEtrantmpcountA=\count79
\@IEEEtrantmpcountB=\count80
\@IEEEtrantmptoksA=\toks14
-- Using IEEE Computer Society mode.
LaTeX Font Info:    Try loading font information for OT1+ppl on input line 377.

(C:\CTeX\texmf\tex\latex\psnfss\ot1ppl.fd
File: ot1ppl.fd 2001/06/04 font definitions for OT1/ppl.
)
-- Using 7.875in x 10.75in (letter) paper.
-- Using DVI output.
\@IEEEnormalsizeunitybaselineskip=\dimen104
-- This is a 10 point document.
\CLASSINFOnormalsizebaselineskip=\dimen105
\CLASSINFOnormalsizeunitybaselineskip=\dimen106
\IEEEnormaljot=\dimen107
LaTeX Font Info:    Font shape `OT1/ppl/bx/n' in size <5> not available
(Font)              Font shape `OT1/ppl/b/n' tried instead on input line 735.
LaTeX Font Info:    Font shape `OT1/ppl/bx/it' in size <5> not available
(Font)              Font shape `OT1/ppl/b/it' tried instead on input line 735.
LaTeX Font Info:    Font shape `OT1/ppl/bx/n' in size <7> not available
(Font)              Font shape `OT1/ppl/b/n' tried instead on input line 735.
LaTeX Font Info:    Font shape `OT1/ppl/bx/it' in size <7> not available
(Font)              Font shape `OT1/ppl/b/it' tried instead on input line 735.
LaTeX Font Info:    Font shape `OT1/ppl/bx/n' in size <8> not available
(Font)              Font shape `OT1/ppl/b/n' tried instead on input line 735.
LaTeX Font Info:    Font shape `OT1/ppl/bx/it' in size <8> not available
(Font)              Font shape `OT1/ppl/b/it' tried instead on input line 735.
LaTeX Font Info:    Font shape `OT1/ppl/bx/n' in size <9> not available
(Font)              Font shape `OT1/ppl/b/n' tried instead on input line 735.
LaTeX Font Info:    Font shape `OT1/ppl/bx/it' in size <9> not available
(Font)              Font shape `OT1/ppl/b/it' tried instead on input line 735.
LaTeX Font Info:    Font shape `OT1/ppl/bx/n' in size <10> not available
(Font)              Font shape `OT1/ppl/b/n' tried instead on input line 735.
LaTeX Font Info:    Font shape `OT1/ppl/bx/it' in size <10> not available
(Font)              Font shape `OT1/ppl/b/it' tried instead on input line 735.
LaTeX Font Info:    Font shape `OT1/ppl/bx/n' in size <11> not available
(Font)              Font shape `OT1/ppl/b/n' tried instead on input line 735.
LaTeX Font Info:    Font shape `OT1/ppl/bx/it' in size <11> not available
(Font)              Font shape `OT1/ppl/b/it' tried instead on input line 735.
LaTeX Font Info:    Font shape `OT1/ppl/bx/n' in size <12> not available
(Font)              Font shape `OT1/ppl/b/n' tried instead on input line 735.
LaTeX Font Info:    Font shape `OT1/ppl/bx/it' in size <12> not available
(Font)              Font shape `OT1/ppl/b/it' tried instead on input line 735.
LaTeX Font Info:    Font shape `OT1/ppl/bx/n' in size <17> not available
(Font)              Font shape `OT1/ppl/b/n' tried instead on input line 735.
LaTeX Font Info:    Font shape `OT1/ppl/bx/it' in size <17> not available
(Font)              Font shape `OT1/ppl/b/it' tried instead on input line 735.
LaTeX Font Info:    Font shape `OT1/ppl/bx/n' in size <20> not available
(Font)              Font shape `OT1/ppl/b/n' tried instead on input line 735.
LaTeX Font Info:    Font shape `OT1/ppl/bx/it' in size <20> not available
(Font)              Font shape `OT1/ppl/b/it' tried instead on input line 735.
LaTeX Font Info:    Font shape `OT1/ppl/bx/n' in size <24> not available
(Font)              Font shape `OT1/ppl/b/n' tried instead on input line 735.
LaTeX Font Info:    Font shape `OT1/ppl/bx/it' in size <24> not available
(Font)              Font shape `OT1/ppl/b/it' tried instead on input line 735.
\IEEEilabelindentA=\dimen108
\IEEEilabelindentB=\dimen109
\IEEEilabelindent=\dimen110
\IEEEelabelindent=\dimen111
\IEEEdlabelindent=\dimen112
\IEEElabelindent=\dimen113
\IEEEiednormlabelsep=\dimen114
\IEEEiedmathlabelsep=\dimen115
\IEEEiedtopsep=\skip41
\c@section=\count81
\c@subsection=\count82
\c@subsubsection=\count83
\c@paragraph=\count84
\c@IEEEsubequation=\count85
\abovecaptionskip=\skip42
\belowcaptionskip=\skip43
\c@figure=\count86
\c@table=\count87
\@IEEEeqnnumcols=\count88
\@IEEEeqncolcnt=\count89
\@IEEEtmpitemindent=\dimen116
\c@IEEEbiography=\count90
\@IEEEtranrubishbin=\box26
) (C:\CTeX\texmf\tex\latex\ltxmisc\ulem.sty
\UL@box=\box27
\UL@hyphenbox=\box28
\UL@skip=\skip44
\UL@hook=\toks15
\UL@pe=\count91
\UL@pixel=\dimen117
\ULC@box=\box29
Package: ulem 2000/05/26
\ULdepth=\dimen118
)
(C:\CTeX\texmf\tex\latex\algorithm2e\algorithm2e.sty
Package: algorithm2e 2005/10/04 v3.9 algorithms environments
\c@AlgoLine=\count92

(C:\CTeX\texmf\tex\latex\base\ifthen.sty
Package: ifthen 2001/05/26 v1.1c Standard LaTeX ifthen package (DPC)
)
(C:\CTeX\texmf\tex\latex\tools\xspace.sty
Package: xspace 2006/05/08 v1.12 Space after command names (DPC,MH)
)
********************************************************
Package `algorithm2e' Release 3.9 -- october 04 2005 --
- algorithm2e-announce@lirmm.fr mailing list for announcement about releases
- algorithm2e-discussion@lirmm.fr mailing list for discussion about package
subscribe by emailing sympa@lirmm.fr with 'subscribe <list> <firstname name>'
- Author: Christophe Fiorio (fiorio@lirmm.fr)
********************************************************
\skiptotal=\skip45
\skiprule=\skip46
\skiphlne=\skip47
\skiptext=\skip48
\skiplength=\skip49
\algomargin=\skip50
\skipalgocfslide=\skip51
\algowidth=\dimen119
\inoutsize=\dimen120
\inoutline=\dimen121
\algocf@inoutbox=\box30
\algocf@inputbox=\box31
\AlCapSkip=\skip52
\AlCapHSkip=\skip53
\algocf@capbox=\box32
\c@algocfline=\count93
\c@algocf=\count94
\algocf@algoframe=\box33
\algocf@algobox=\box34
) (bare_jrnl_compsoc.aux)
LaTeX Font Info:    Checking defaults for OML/cmm/m/it on input line 431.
LaTeX Font Info:    ... okay on input line 431.
LaTeX Font Info:    Checking defaults for T1/cmr/m/n on input line 431.
LaTeX Font Info:    ... okay on input line 431.
LaTeX Font Info:    Checking defaults for OT1/cmr/m/n on input line 431.
LaTeX Font Info:    ... okay on input line 431.
LaTeX Font Info:    Checking defaults for OMS/cmsy/m/n on input line 431.
LaTeX Font Info:    ... okay on input line 431.
LaTeX Font Info:    Checking defaults for OMX/cmex/m/n on input line 431.
LaTeX Font Info:    ... okay on input line 431.
LaTeX Font Info:    Checking defaults for U/cmr/m/n on input line 431.
LaTeX Font Info:    ... okay on input line 431.
LaTeX Font Info:    Try loading font information for OT1+phv on input line 555.

 (C:\CTeX\texmf\tex\latex\psnfss\ot1phv.fd
File: ot1phv.fd 2001/06/04 scalable font definitions for OT1/phv.
)

LaTeX Warning: No \author given.

LaTeX Font Info:    Font shape `OT1/phv/bx/n' in size <8> not available
(Font)              Font shape `OT1/phv/b/n' tried instead on input line 555.
** ATTENTION: \keywords is deprecated (line 555). Use \IEEEkeywords instead.
LaTeX Font Info:    Calculating math sizes for size <11> on input line 555.
LaTeX Font Info:    External font `cmex10' loaded for size
(Font)              <11> on input line 555.
LaTeX Font Info:    External font `cmex10' loaded for size
(Font)              <7.69997> on input line 555.
LaTeX Font Info:    External font `cmex10' loaded for size
(Font)              <5.5> on input line 555.
LaTeX Font Info:    Try loading font information for U+pzd on input line 555.
(C:\CTeX\texmf\tex\latex\psnfss\upzd.fd
File: upzd.fd 2001/06/04 font definitions for U/pzd.
)

LaTeX Warning: No \author given.

** ATTENTION: \keywords is deprecated (line 555). Use \IEEEkeywords instead.
LaTeX Font Info:    Font shape `OT1/phv/bx/n' in size <12> not available
(Font)              Font shape `OT1/phv/b/n' tried instead on input line 582.
LaTeX Font Info:    Font shape `OT1/phv/bx/sc' in size <12> not available
(Font)              Font shape `OT1/phv/b/sc' tried instead on input line 582.

LaTeX Warning: Citation `trace11' on page 1 undefined on input line 594.


LaTeX Warning: Citation `trace05' on page 1 undefined on input line 594.


LaTeX Warning: Citation `trace99' on page 1 undefined on input line 594.


LaTeX Warning: Citation `trace06' on page 1 undefined on input line 594.


LaTeX Warning: Citation `trace052' on page 1 undefined on input line 594.


LaTeX Warning: Citation `traceintel' on page 1 undefined on input line 596.


LaTeX Warning: Citation `tracediff' on page 1 undefined on input line 602.


LaTeX Warning: Citation `ld1996' on page 1 undefined on input line 631.

LaTeX Font Info:    Font shape `OT1/phv/bx/n' in size <10> not available
(Font)              Font shape `OT1/phv/b/n' tried instead on input line 636.

Underfull \hbox (badness 2495) in paragraph at lines 636--636
 \OT1/phv/b/n/10 2.1 Lev-en-shtein Dis-tance and Its Prob-lem in
 []

LaTeX Font Info:    External font `cmex10' loaded for size
(Font)              <7> on input line 643.
LaTeX Font Info:    External font `cmex10' loaded for size
(Font)              <5> on input line 643.

Underfull \hbox (badness 10000) in paragraph at lines 643--645
[]\OT1/ppl/m/n/10 Positional sim-i-lar-ity: the de-gree to which
 []


LaTeX Warning: Citation `Faulk1964' on page 1 undefined on input line 651.

[1


]

LaTeX Warning: Citation `distance66' on page 2 undefined on input line 668.

! Misplaced alignment tab character &.
l.679 0, &
          i=j=0\\
? 
! Misplaced alignment tab character &.
l.680 i, &
          i>0\wedge j=0\\
? 
! Misplaced alignment tab character &.
l.681 j, &
          i=0\wedge j>0\\
? 
! Misplaced alignment tab character &.
l.682 min, &
            else
? 

Overfull \hbox (35.14328pt too wide) detected at line 684
[]\OML/cmm/m/it/10 lev[]\OT1/cmr/m/n/10 (\OML/cmm/m/it/10 i; j\OT1/cmr/m/n/10 )
 = [] \OML/cmm/m/it/10 ; i \OT1/cmr/m/n/10 = \OML/cmm/m/it/10 j \OT1/cmr/m/n/10
 = 0[] \OML/cmm/m/it/10 i; i > \OT1/cmr/m/n/10 0 \OMS/cmsy/m/n/10 ^ \OML/cmm/m/
it/10 j \OT1/cmr/m/n/10 = 0[] \OML/cmm/m/it/10 j; i \OT1/cmr/m/n/10 = 0 \OMS/cm
sy/m/n/10 ^ \OML/cmm/m/it/10 j > \OT1/cmr/m/n/10 0[] \OML/cmm/m/it/10 min; else

 []


Overfull \hbox (52.86162pt too wide) detected at line 692
[]\OML/cmm/m/it/10 min \OT1/cmr/m/n/10 = [] \OML/cmm/m/it/10 ev[]\OT1/cmr/m/n/1
0 (\OML/cmm/m/it/10 i \OMS/cmsy/m/n/10   \OT1/cmr/m/n/10 1\OML/cmm/m/it/10 ; j\
OT1/cmr/m/n/10 ) + 1[] \OML/cmm/m/it/10 lev[]\OT1/cmr/m/n/10 (\OML/cmm/m/it/10 
i; j \OMS/cmsy/m/n/10   \OT1/cmr/m/n/10 1) + 1[] \OML/cmm/m/it/10 lev[]\OT1/cmr
/m/n/10 (\OML/cmm/m/it/10 i \OMS/cmsy/m/n/10   \OT1/cmr/m/n/10 1\OML/cmm/m/it/1
0 ; j \OMS/cmsy/m/n/10   \OT1/cmr/m/n/10 1) + [\OML/cmm/m/it/10 a[] \OMS/cmsy/m
/n/10 6\OT1/cmr/m/n/10 = \OML/cmm/m/it/10 b[]\OT1/cmr/m/n/10 ]
 []


LaTeX Warning: Reference `eq:min' on page 2 undefined on input line 694.


LaTeX Warning: Citation `bit03' on page 2 undefined on input line 723.


LaTeX Warning: Citation `ld1996' on page 2 undefined on input line 734.


LaTeX Warning: Citation `ld2010' on page 2 undefined on input line 737.

LaTeX Font Info:    Font shape `OT1/phv/m/it' in size <10> not available
(Font)              Font shape `OT1/phv/m/sl' tried instead on input line 753.
[2]

LaTeX Warning: Reference `fig:calltrace' on page 3 undefined on input line 781.


! Undefined control sequence.
l.799 \includegraphics
                      [width=0.5\textwidth]{fig/call1.eps}
? 
! Missing number, treated as zero.
<to be read again> 
                   ]
l.799 \includegraphics[width=0.5\textwidth]
                                           {fig/call1.eps}
? 
! Illegal unit of measure (pt inserted).
<to be read again> 
                   ]
l.799 \includegraphics[width=0.5\textwidth]
                                           {fig/call1.eps}
? 

LaTeX Warning: Reference `alg:similarity' on page 3 undefined on input line 812
.


LaTeX Warning: Reference `eq:sim' on page 3 undefined on input line 826.


Underfull \hbox (badness 10000) detected at line 858
[][]
 []


Underfull \hbox (badness 10000) in paragraph at lines 828--859

 []


Underfull \vbox (badness 2980) has occurred while \output is active []



LaTeX Warning: Citation `pin10' on page 3 undefined on input line 868.


LaTeX Warning: Reference `tab:sysconfig' on page 3 undefined on input line 882.


[3]
LaTeX Font Info:    External font `cmex10' loaded for size
(Font)              <8> on input line 904.
LaTeX Font Info:    External font `cmex10' loaded for size
(Font)              <6> on input line 904.


LaTeX Warning: Citation `splash295' on page 4 undefined on input line 916.


LaTeX Warning: Reference `tab:benchmark' on page 4 undefined on input line 924.



LaTeX Warning: Reference `fig:patternx86' on page 4 undefined on input line 942
.


LaTeX Warning: Reference `fig:patternalpha' on page 4 undefined on input line 9
43.

! Undefined control sequence.
l.954 \includegraphics
                      [width=0.35\textwidth]{fig/pattern2_2.eps}
? 
! Missing number, treated as zero.
<to be read again> 
                   ]
l.954 \includegraphics[width=0.35\textwidth]
                                            {fig/pattern2_2.eps}
? 
! Illegal unit of measure (pt inserted).
<to be read again> 
                   ]
l.954 \includegraphics[width=0.35\textwidth]
                                            {fig/pattern2_2.eps}
? 
! Missing $ inserted.
<inserted text> 
                $
l.954 ...phics[width=0.35\textwidth]{fig/pattern2_
                                                  2.eps}
? 
! Extra }, or forgotten $.
l.954 ...width=0.35\textwidth]{fig/pattern2_2.eps}
                                                  
? 
! Missing $ inserted.
<inserted text> 
                $
l.955 ...tion{Instruction pattern for Alpha-Linux}
                                                  
? 
! Missing } inserted.
<inserted text> 
                }
l.957 \end{figure}
                  
? 

Underfull \hbox (badness 1590) in paragraph at lines 976--978
[]\OT1/ppl/b/n/10 I-A-S\OT1/ppl/m/n/10 : in-struc-tion traces ex-tracted on Alp
ha-
 []


Underfull \hbox (badness 1448) in paragraph at lines 978--980
[]\OT1/ppl/b/n/10 I-A-H\OT1/ppl/m/n/10 : in-struc-tion traces col-lected on Alp
ha-
 []


LaTeX Warning: Reference `fig:x86_sis_sim' on page 4 undefined on input line 98
4.


LaTeX Warning: Reference `fig:x86_scs_sim1' on page 4 undefined on input line 9
84.


LaTeX Warning: Reference `eq:sim' on page 4 undefined on input line 985.

! Undefined control sequence.
l.1011 \includegraphics
                       [width=0.21\textwidth, angle=90]{fig/x86_s_sim1.eps}
? 
! Illegal unit of measure (pt inserted).
<to be read again> 
                   a
l.1011 \includegraphics[width=0.21\textwidth, a
                                               ngle=90]{fig/x86_s_sim1.eps}
? 
! Missing $ inserted.
<inserted text> 
                $
l.1011 ...width=0.21\textwidth, angle=90]{fig/x86_
                                                  s_sim1.eps}
? 
! Double subscript.
l.1011 ...dth=0.21\textwidth, angle=90]{fig/x86_s_
                                                  sim1.eps}
? 
! Extra }, or forgotten $.
l.1011 ...textwidth, angle=90]{fig/x86_s_sim1.eps}
                                                  
? 
! Missing $ inserted.
<inserted text> 
                $
l.1012 ...on trace similarity for I-X-S and I-X-P}
                                                  
? 
! Missing } inserted.
<inserted text> 
                }
l.1014 \end{figure*}
                    
? 
! Undefined control sequence.
l.1018 \includegraphics
                       [width=0.2\textwidth, angle=90]{fig/x86_scs_sim1.eps}
? 
! Illegal unit of measure (pt inserted).
<to be read again> 
                   a
l.1018 \includegraphics[width=0.2\textwidth, a
                                              ngle=90]{fig/x86_scs_sim1.eps}
? 
! Missing $ inserted.
<inserted text> 
                $
l.1018 ...[width=0.2\textwidth, angle=90]{fig/x86_
                                                  scs_sim1.eps}
? 
! Extra }, or forgotten $.
l.1018 ...xtwidth, angle=90]{fig/x86_scs_sim1.eps}
                                                  
? 
! Missing $ inserted.
<inserted text> 
                $
l.1019 ...ll trace similarity for C-X-S and C-X-P}
                                                  
? 
! Missing } inserted.
<inserted text> 
                }
l.1021 \end{figure*}
                    
? 

LaTeX Warning: Reference `tab:benchmark' on page 4 undefined on input line 1030
.


LaTeX Warning: Reference `fig:x86_mis_sim' on page 4 undefined on input line 10
31.


LaTeX Warning: Reference `fig:alpha_mcs_sim' on page 4 undefined on input line 
1032.


LaTeX Warning: Reference `fig:x86_mis_sim' on page 4 undefined on input line 10
34.


LaTeX Warning: Reference `fig:x86_mcs_sim' on page 4 undefined on input line 10
34.


LaTeX Warning: Reference `fig:alpha_mis_sim' on page 4 undefined on input line 
1036.


LaTeX Warning: Reference `fig:alpha_mcs_sim' on page 4 undefined on input line 
1037.


LaTeX Warning: Reference `fig:alpha_mis_sim' on page 4 undefined on input line 
1044.


LaTeX Warning: Reference `fig:alpha_mcs_sim' on page 4 undefined on input line 
1045.

! Undefined control sequence.
l.1052 \includegraphics
                       [width=0.2\textwidth, angle=90]{fig/x86_mis_sim1.eps}
? 
! Illegal unit of measure (pt inserted).
<to be read again> 
                   a
l.1052 \includegraphics[width=0.2\textwidth, a
                                              ngle=90]{fig/x86_mis_sim1.eps}
? 
! Missing $ inserted.
<inserted text> 
                $
l.1052 ...[width=0.2\textwidth, angle=90]{fig/x86_
                                                  mis_sim1.eps}
? 
! Extra }, or forgotten $.
l.1052 ...xtwidth, angle=90]{fig/x86_mis_sim1.eps}
                                                  
? 
! Missing $ inserted.
<inserted text> 
                $
l.1053 ...on trace similarity for I-X-H and I-X-P}
                                                  
? 
! Missing } inserted.
<inserted text> 
                }
l.1055 \end{figure*}
                    
? 
! Undefined control sequence.
l.1059 \includegraphics
                       [width=0.2\textwidth, angle=90]{fig/x86_mcs_sim1.eps}
? 
! Illegal unit of measure (pt inserted).
<to be read again> 
                   a
l.1059 \includegraphics[width=0.2\textwidth, a
                                              ngle=90]{fig/x86_mcs_sim1.eps}
? 
! Missing $ inserted.
<inserted text> 
                $
l.1059 ...[width=0.2\textwidth, angle=90]{fig/x86_
                                                  mcs_sim1.eps}
? 
! Extra }, or forgotten $.
l.1059 ...xtwidth, angle=90]{fig/x86_mcs_sim1.eps}
                                                  
? 
! Missing $ inserted.
<inserted text> 
                $
l.1060 ...ll trace similarity for C-X-H and C-X-P}
                                                  
? 
! Missing } inserted.
<inserted text> 
                }
l.1062 \end{figure*}
                    
? 
! Undefined control sequence.
l.1067 \includegraphics
                       [width=0.2\textwidth, angle=90]{fig/alpha_mis_sim1.eps}
? 
! Illegal unit of measure (pt inserted).
<to be read again> 
                   a
l.1067 \includegraphics[width=0.2\textwidth, a
                                              ngle=90]{fig/alpha_mis_sim1.eps}
? 
! Missing $ inserted.
<inserted text> 
                $
l.1067 ...idth=0.2\textwidth, angle=90]{fig/alpha_
                                                  mis_sim1.eps}
? 
! Extra }, or forgotten $.
l.1067 ...width, angle=90]{fig/alpha_mis_sim1.eps}
                                                  
? 
! Missing $ inserted.
<inserted text> 
                $
l.1068 ...on trace similarity for I-A-S and I-A-H}
                                                  
? 
! Missing } inserted.
<inserted text> 
                }
l.1070 \end{figure*}
                    
? 
! Undefined control sequence.
l.1074 \includegraphics
                       [width=0.22\textwidth, angle=90]{fig/alpha_mcs_sim1.eps}

? 
! Illegal unit of measure (pt inserted).
<to be read again> 
                   a
l.1074 \includegraphics[width=0.22\textwidth, a
                                               ngle=90]{fig/alpha_mcs_sim1.eps}

? 
! Missing $ inserted.
<inserted text> 
                $
l.1074 ...dth=0.22\textwidth, angle=90]{fig/alpha_
                                                  mcs_sim1.eps}
? 
! Extra }, or forgotten $.
l.1074 ...width, angle=90]{fig/alpha_mcs_sim1.eps}
                                                  
? 
! Missing $ inserted.
<inserted text> 
                $
l.1075 ...ll trace similarity for C-A-S and C-A-H}
                                                  
? 
! Missing } inserted.
<inserted text> 
                }
l.1077 \end{figure*}
                    
? 
[4]
Underfull \hbox (badness 10000) in paragraph at lines 1126--1127
\OT1/ppl/m/n/10 two text goes here.Appendix two text goes
 []


Underfull \hbox (badness 10000) in paragraph at lines 1126--1127
\OT1/ppl/m/n/10 two text goes here.Appendix two text goes
 []


Underfull \hbox (badness 10000) in paragraph at lines 1126--1127
\OT1/ppl/m/n/10 two text goes here.Appendix two text goes
 []


Underfull \hbox (badness 1708) in paragraph at lines 1126--1127
\OT1/ppl/m/n/10 here.Appendix two text goes here.Appendix two
 []

[5]
Underfull \hbox (badness 2744) in paragraph at lines 1236--1238
\OT1/phv/b/n/8 John Doe \OT1/phv/m/n/8 Bi-og-ra-phy text here.Biography text he
re.Biography
 []


Underfull \hbox (badness 10000) in paragraph at lines 1236--1238
\OT1/phv/m/n/8 text here.Biography text here.Biography text here.Biography
 []


Underfull \hbox (badness 10000) in paragraph at lines 1236--1238
\OT1/phv/m/n/8 text here.Biography text here.Biography text here.Biography
 []


Underfull \hbox (badness 10000) in paragraph at lines 1236--1238
\OT1/phv/m/n/8 text here.Biography text here.Biography text here.Biography
 []


Underfull \hbox (badness 10000) in paragraph at lines 1236--1238
\OT1/phv/m/n/8 text here.Biography text here.Biography text here.Biography
 []


Underfull \hbox (badness 10000) in paragraph at lines 1236--1238
\OT1/phv/m/n/8 text here.Biography text here.Biography text here.Biography
 []


Underfull \hbox (badness 10000) in paragraph at lines 1236--1238
\OT1/phv/m/n/8 text here.Biography text here.Biography text here.Biography
 []


Underfull \hbox (badness 10000) in paragraph at lines 1236--1238
\OT1/phv/m/n/8 text here.Biography text here.Biography text here.Biography
 []


Underfull \hbox (badness 10000) in paragraph at lines 1236--1238
\OT1/phv/m/n/8 text here.Biography text here.Biography text here.Biography
 []


Underfull \hbox (badness 3058) in paragraph at lines 1244--1246
\OT1/phv/b/n/8 Jane Doe \OT1/phv/m/n/8 Bi-og-ra-phy text here.Biography text he
re.Biography
 []


Underfull \hbox (badness 10000) in paragraph at lines 1244--1246
\OT1/phv/m/n/8 text here.Biography text here.Biography text here.Biography
 []


Underfull \hbox (badness 10000) in paragraph at lines 1244--1246
\OT1/phv/m/n/8 text here.Biography text here.Biography text here.Biography
 []


Underfull \hbox (badness 10000) in paragraph at lines 1244--1246
\OT1/phv/m/n/8 text here.Biography text here.Biography text here.Biography
 []


Underfull \hbox (badness 10000) in paragraph at lines 1244--1246
\OT1/phv/m/n/8 text here.Biography text here.Biography text here.Biography
 []


Underfull \hbox (badness 10000) in paragraph at lines 1244--1246
\OT1/phv/m/n/8 text here.Biography text here.Biography text here.Biography
 []


Underfull \hbox (badness 10000) in paragraph at lines 1244--1246
\OT1/phv/m/n/8 text here.Biography text here.Biography text here.Biography
 []


Underfull \hbox (badness 10000) in paragraph at lines 1244--1246
\OT1/phv/m/n/8 text here.Biography text here.Biography text here.Biography
 []


! LaTeX Error: Float(s) lost.

See the LaTeX manual or LaTeX Companion for explanation.
Type  H <return>  for immediate help.
 ...                                              
                                                  
l.1263 \end{document}
                     
? 
[6

] (bare_jrnl_compsoc.aux)

LaTeX Warning: There were undefined references.


LaTeX Warning: Label(s) may have changed. Rerun to get cross-references right.

 ) 
Here is how much of TeX's memory you used:
 2163 strings out of 95889
 30704 string characters out of 1195117
 109727 words of memory out of 1101652
 5228 multiletter control sequences out of 60000
 30877 words of font info for 78 fonts, out of 1000000 for 2000
 17 hyphenation exceptions out of 4999
 28i,13n,28p,725b,320s stack positions out of 5000i,500n,10000p,200000b,32768s

Output written on bare_jrnl_compsoc.dvi (6 pages, 41388 bytes).
